[    0.000000] Initializing cgroup subsys cpuset
[    0.000000] Initializing cgroup subsys cpu
[    0.000000] Initializing cgroup subsys cpuacct
[    0.000000] Linux version 4.4.0-159-generic (buildd@lgw01-amd64-042) (gcc version 5.4.0 20160609 (Ubuntu 5.4.0-6ubuntu1~16.04.10) ) #187-Ubuntu SMP Thu Aug 1 16:28:06 UTC 2019 (Ubuntu 4.4.0-159.187-generic 4.4.185)
[    0.000000] Command line: BOOT_IMAGE=/boot/vmlinuz-4.4.0-159-generic root=LABEL=cloudimg-rootfs ro console=tty1 console=ttyS0
[    0.000000] KERNEL supported cpus:
[    0.000000]   Intel GenuineIntel
[    0.000000]   AMD AuthenticAMD
[    0.000000]   Centaur CentaurHauls
[    0.000000] x86/fpu: xstate_offset[2]:  576, xstate_sizes[2]:  256
[    0.000000] x86/fpu: Supporting XSAVE feature 0x01: 'x87 floating point registers'
[    0.000000] x86/fpu: Supporting XSAVE feature 0x02: 'SSE registers'
[    0.000000] x86/fpu: Supporting XSAVE feature 0x04: 'AVX registers'
[    0.000000] x86/fpu: Enabled xstate features 0x7, context size is 832 bytes, using 'standard' format.
[    0.000000] e820: BIOS-provided physical RAM map:
[    0.000000] BIOS-e820: [mem 0x0000000000000000-0x000000000009fbff] usable
[    0.000000] BIOS-e820: [mem 0x000000000009fc00-0x000000000009ffff] reserved
[    0.000000] BIOS-e820: [mem 0x00000000000f0000-0x00000000000fffff] reserved
[    0.000000] BIOS-e820: [mem 0x0000000000100000-0x000000003ffeffff] usable
[    0.000000] BIOS-e820: [mem 0x000000003fff0000-0x000000003fffffff] ACPI data
[    0.000000] BIOS-e820: [mem 0x00000000fec00000-0x00000000fec00fff] reserved
[    0.000000] BIOS-e820: [mem 0x00000000fee00000-0x00000000fee00fff] reserved
[    0.000000] BIOS-e820: [mem 0x00000000fffc0000-0x00000000ffffffff] reserved
[    0.000000] NX (Execute Disable) protection: active
[    0.000000] SMBIOS 2.5 present.
[    0.000000] Hypervisor detected: KVM
[    0.000000] e820: last_pfn = 0x3fff0 max_arch_pfn = 0x400000000
[    0.000000] MTRR: Disabled
[    0.000000] x86/PAT: MTRRs disabled, skipping PAT initialization too.
[    0.000000] CPU MTRRs all blank - virtualized system.
[    0.000000] x86/PAT: Configuration [0-7]: WB  WT  UC- UC  WB  WT  UC- UC  
[    0.000000] found SMP MP-table at [mem 0x0009fff0-0x0009ffff] mapped at [ffff88000009fff0]
[    0.000000] Scanning 1 areas for low memory corruption
[    0.000000] RAMDISK: [mem 0x362f8000-0x37173fff]
[    0.000000] ACPI: Early table checksum verification disabled
[    0.000000] ACPI: RSDP 0x00000000000E0000 000024 (v02 VBOX  )
[    0.000000] ACPI: XSDT 0x000000003FFF0030 00003C (v01 VBOX   VBOXXSDT 00000001 ASL  00000061)
[    0.000000] ACPI: FACP 0x000000003FFF00F0 0000F4 (v04 VBOX   VBOXFACP 00000001 ASL  00000061)
[    0.000000] ACPI: DSDT 0x000000003FFF0470 0022EA (v02 VBOX   VBOXBIOS 00000002 INTL 20100528)
[    0.000000] ACPI: FACS 0x000000003FFF0200 000040
[    0.000000] ACPI: FACS 0x000000003FFF0200 000040
[    0.000000] ACPI: APIC 0x000000003FFF0240 00005C (v02 VBOX   VBOXAPIC 00000001 ASL  00000061)
[    0.000000] ACPI: SSDT 0x000000003FFF02A0 0001CC (v01 VBOX   VBOXCPUT 00000002 INTL 20100528)
[    0.000000] No NUMA configuration found
[    0.000000] Faking a node at [mem 0x0000000000000000-0x000000003ffeffff]
[    0.000000] NODE_DATA(0) allocated [mem 0x3ffeb000-0x3ffeffff]
[    0.000000] kvm-clock: Using msrs 4b564d01 and 4b564d00
[    0.000000] kvm-clock: cpu 0, msr 0:3ffe3001, primary cpu clock
[    0.000000] kvm-clock: using sched offset of 4260222515 cycles
[    0.000000] clocksource: kvm-clock: mask: 0xffffffffffffffff max_cycles: 0x1cd42e4dffb, max_idle_ns: 881590591483 ns
[    0.000000] Zone ranges:
[    0.000000]   DMA      [mem 0x0000000000001000-0x0000000000ffffff]
[    0.000000]   DMA32    [mem 0x0000000001000000-0x000000003ffeffff]
[    0.000000]   Normal   empty
[    0.000000]   Device   empty
[    0.000000] Movable zone start for each node
[    0.000000] Early memory node ranges
[    0.000000]   node   0: [mem 0x0000000000001000-0x000000000009efff]
[    0.000000]   node   0: [mem 0x0000000000100000-0x000000003ffeffff]
[    0.000000] Initmem setup node 0 [mem 0x0000000000001000-0x000000003ffeffff]
[    0.000000] ACPI: PM-Timer IO Port: 0x4008
[    0.000000] IOAPIC[0]: apic_id 2, version 32, address 0xfec00000, GSI 0-23
[    0.000000] ACPI: INT_SRC_OVR (bus 0 bus_irq 0 global_irq 2 dfl dfl)
[    0.000000] ACPI: INT_SRC_OVR (bus 0 bus_irq 9 global_irq 9 low level)
[    0.000000] Using ACPI (MADT) for SMP configuration information
[    0.000000] smpboot: Allowing 2 CPUs, 0 hotplug CPUs
[    0.000000] PM: Registered nosave memory: [mem 0x00000000-0x00000fff]
[    0.000000] PM: Registered nosave memory: [mem 0x0009f000-0x0009ffff]
[    0.000000] PM: Registered nosave memory: [mem 0x000a0000-0x000effff]
[    0.000000] PM: Registered nosave memory: [mem 0x000f0000-0x000fffff]
[    0.000000] e820: [mem 0x40000000-0xfebfffff] available for PCI devices
[    0.000000] Booting paravirtualized kernel on KVM
[    0.000000] clocksource: refined-jiffies: mask: 0xffffffff max_cycles: 0xffffffff, max_idle_ns: 7645519600211568 ns
[    0.000000] setup_percpu: NR_CPUS:512 nr_cpumask_bits:512 nr_cpu_ids:2 nr_node_ids:1
[    0.000000] PERCPU: Embedded 34 pages/cpu @ffff88003fc00000 s99544 r8192 d31528 u1048576
[    0.000000] Built 1 zonelists in Node order, mobility grouping on.  Total pages: 257912
[    0.000000] Policy zone: DMA32
[    0.000000] Kernel command line: BOOT_IMAGE=/boot/vmlinuz-4.4.0-159-generic root=LABEL=cloudimg-rootfs ro console=tty1 console=ttyS0
[    0.000000] PID hash table entries: 4096 (order: 3, 32768 bytes)
[    0.000000] Memory: 997724K/1048120K available (8618K kernel code, 1335K rwdata, 4032K rodata, 1488K init, 1284K bss, 50396K reserved, 0K cma-reserved)
[    0.000000] SLUB: HWalign=64, Order=0-3, MinObjects=0, CPUs=2, Nodes=1
[    0.000000] Kernel/User page tables isolation: enabled
[    0.000000] Hierarchical RCU implementation.
[    0.000000] 	Build-time adjustment of leaf fanout to 64.
[    0.000000] 	RCU restricting CPUs from NR_CPUS=512 to nr_cpu_ids=2.
[    0.000000] RCU: Adjusting geometry for rcu_fanout_leaf=64, nr_cpu_ids=2
[    0.000000] NR_IRQS:33024 nr_irqs:440 16
[    0.000000] Console: colour VGA+ 80x25
[    0.000000] console [tty1] enabled
[    0.000000] console [ttyS0] enabled
[    0.000000] tsc: Detected 2904.002 MHz processor
[    0.300517] Calibrating delay loop (skipped) preset value.. 5808.00 BogoMIPS (lpj=11616008)
[    0.302761] pid_max: default: 32768 minimum: 301
[    0.304055] ACPI: Core revision 20150930
[    0.308146] ACPI: 2 ACPI AML tables successfully acquired and loaded
[    0.310263] Security Framework initialized
[    0.311536] Yama: becoming mindful.
[    0.312571] AppArmor: AppArmor initialized
[    0.314704] Dentry cache hash table entries: 131072 (order: 8, 1048576 bytes)
[    0.320648] Inode-cache hash table entries: 65536 (order: 7, 524288 bytes)
[    0.322293] Mount-cache hash table entries: 2048 (order: 2, 16384 bytes)
[    0.323952] Mountpoint-cache hash table entries: 2048 (order: 2, 16384 bytes)
[    0.326065] Initializing cgroup subsys io
[    0.327562] Initializing cgroup subsys memory
[    0.329029] Initializing cgroup subsys devices
[    0.330574] Initializing cgroup subsys freezer
[    0.332094] Initializing cgroup subsys net_cls
[    0.333799] Initializing cgroup subsys perf_event
[    0.335513] Initializing cgroup subsys net_prio
[    0.337009] Initializing cgroup subsys hugetlb
[    0.338795] Initializing cgroup subsys pids
[    0.343055] mce: CPU supports 0 MCE banks
[    0.344600] Last level iTLB entries: 4KB 64, 2MB 8, 4MB 8
[    0.346801] Last level dTLB entries: 4KB 64, 2MB 0, 4MB 0, 1GB 4
[    0.349123] Spectre V1 : Mitigation: usercopy/swapgs barriers and __user pointer sanitization
[    0.352150] Spectre V2 : Mitigation: Full generic retpoline
[    0.354015] Spectre V2 : Spectre v2 / SpectreRSB mitigation: Filling RSB on context switch
[    0.356825] Speculative Store Bypass: Vulnerable
[    0.358384] MDS: Vulnerable: Clear CPU buffers attempted, no microcode
[    0.364710] Freeing SMP alternatives memory: 36K
[    0.376454] ftrace: allocating 32318 entries in 127 pages
[    0.511182] smpboot: APIC(0) Converting physical 0 to logical package 0
[    0.513147] smpboot: Max logical packages: 1
[    0.515056] x2apic enabled
[    0.516548] Switched APIC routing to physical x2apic.
[    0.519707] ..TIMER: vector=0x30 apic1=0 pin1=2 apic2=-1 pin2=-1
[    0.628218] smpboot: CPU0: Intel(R) Core(TM) i7-7500U CPU @ 2.70GHz (family: 0x6, model: 0x8e, stepping: 0x9)
[    0.633749] Performance Events: unsupported p6 CPU model 142 no PMU driver, software events only.
[    0.661413] KVM setup paravirtual spinlock
[    0.664300] x86: Booting SMP configuration:
[    0.665858] .... node  #0, CPUs:      #1
[    0.667333] kvm-clock: cpu 1, msr 0:3ffe3041, secondary cpu clock
[    0.670715] mce: CPU supports 0 MCE banks
[    0.673978] x86: Booted up 1 node, 2 CPUs
[    0.675786] smpboot: Total of 2 processors activated (11616.00 BogoMIPS)
[    0.678603] devtmpfs: initialized
[    0.683136] evm: security.selinux
[    0.684473] evm: security.SMACK64
[    0.685769] evm: security.SMACK64EXEC
[    0.687117] evm: security.SMACK64TRANSMUTE
[    0.688693] evm: security.SMACK64MMAP
[    0.690043] evm: security.ima
[    0.691447] evm: security.capability
[    0.693191] clocksource: jiffies: mask: 0xffffffff max_cycles: 0xffffffff, max_idle_ns: 7645041785100000 ns
[    0.696500] futex hash table entries: 512 (order: 3, 32768 bytes)
[    0.698726] pinctrl core: initialized pinctrl subsystem
[    0.700840] RTC time: 13:01:14, date: 09/01/19
[    0.702968] NET: Registered protocol family 16
[    0.716327] cpuidle: using governor ladder
[    0.728443] cpuidle: using governor menu
[    0.730293] PCCT header not found.
[    0.731687] ACPI: bus type PCI registered
[    0.733345] acpiphp: ACPI Hot Plug PCI Controller Driver version: 0.5
[    0.736672] PCI: Using configuration type 1 for base access
[    0.758410] ACPI: Added _OSI(Module Device)
[    0.762492] ACPI: Added _OSI(Processor Device)
[    0.766556] ACPI: Added _OSI(3.0 _SCP Extensions)
[    0.770622] ACPI: Added _OSI(Processor Aggregator Device)
[    0.777665] ACPI: Executed 1 blocks of module-level executable AML code
[    0.792326] ACPI: Interpreter enabled
[    0.795821] ACPI: (supports S0 S5)
[    0.797828] ACPI: Using IOAPIC for interrupt routing
[    0.800849] PCI: Using host bridge windows from ACPI; if necessary, use "pci=nocrs" and report a bug
[    0.817270] ACPI: PCI Root Bridge [PCI0] (domain 0000 [bus 00-ff])
[    0.820211] acpi PNP0A03:00: _OSC: OS supports [ASPM ClockPM Segments MSI]
[    0.825380] acpi PNP0A03:00: _OSC: not requesting OS control; OS requires [ExtendedConfig ASPM ClockPM MSI]
[    0.830105] acpi PNP0A03:00: fail to add MMCONFIG information, can't access extended PCI configuration space under this bridge.
[    0.838908] PCI host bridge to bus 0000:00
[    0.841656] pci_bus 0000:00: root bus resource [io  0x0000-0x0cf7 window]
[    0.844755] pci_bus 0000:00: root bus resource [io  0x0d00-0xffff window]
[    0.847897] pci_bus 0000:00: root bus resource [mem 0x000a0000-0x000bffff window]
[    0.852536] pci_bus 0000:00: root bus resource [mem 0x40000000-0xfdffffff window]
[    0.856765] pci_bus 0000:00: root bus resource [bus 00-ff]
[    0.861780] pci 0000:00:01.1: legacy IDE quirk: reg 0x10: [io  0x01f0-0x01f7]
[    0.864187] pci 0000:00:01.1: legacy IDE quirk: reg 0x14: [io  0x03f6]
[    0.866204] pci 0000:00:01.1: legacy IDE quirk: reg 0x18: [io  0x0170-0x0177]
[    0.868369] pci 0000:00:01.1: legacy IDE quirk: reg 0x1c: [io  0x0376]
[    0.922401] pci 0000:00:07.0: quirk: [io  0x4000-0x403f] claimed by PIIX4 ACPI
[    0.924493] pci 0000:00:07.0: quirk: [io  0x4100-0x410f] claimed by PIIX4 SMB
[    0.936921] ACPI: PCI Interrupt Link [LNKA] (IRQs 5 9 10 *11)
[    0.939934] ACPI: PCI Interrupt Link [LNKB] (IRQs 5 9 *10 11)
[    0.942578] ACPI: PCI Interrupt Link [LNKC] (IRQs 5 *9 10 11)
[    0.945275] ACPI: PCI Interrupt Link [LNKD] (IRQs 5 9 10 *11)
[    0.948405] ACPI: Enabled 2 GPEs in block 00 to 07
[    0.950925] vgaarb: setting as boot device: PCI:0000:00:02.0
[    0.952770] vgaarb: device added: PCI:0000:00:02.0,decodes=io+mem,owns=io+mem,locks=none
[    0.955567] vgaarb: loaded
[    0.956659] vgaarb: bridge control possible 0000:00:02.0
[    0.958735] SCSI subsystem initialized
[    0.960379] ACPI: bus type USB registered
[    0.961908] usbcore: registered new interface driver usbfs
[    0.963778] usbcore: registered new interface driver hub
[    0.965529] usbcore: registered new device driver usb
[    0.967541] PCI: Using ACPI for IRQ routing
[    0.969066] NetLabel: Initializing
[    0.970098] NetLabel:  domain hash size = 128
[    0.971435] NetLabel:  protocols = UNLABELED CIPSOv4
[    0.978558] NetLabel:  unlabeled traffic allowed by default
[    0.980638] amd_nb: Cannot enumerate AMD northbridges
[    0.982433] clocksource: Switched to clocksource kvm-clock
[    1.006566] AppArmor: AppArmor Filesystem Enabled
[    1.008253] pnp: PnP ACPI init
[    1.011310] pnp: PnP ACPI: found 3 devices
[    1.031074] clocksource: acpi_pm: mask: 0xffffff max_cycles: 0xffffff, max_idle_ns: 2085701024 ns
[    1.034266] NET: Registered protocol family 2
[    1.036163] TCP established hash table entries: 8192 (order: 4, 65536 bytes)
[    1.038335] TCP bind hash table entries: 8192 (order: 5, 131072 bytes)
[    1.040329] TCP: Hash tables configured (established 8192 bind 8192)
[    1.042703] UDP hash table entries: 512 (order: 2, 16384 bytes)
[    1.044257] UDP-Lite hash table entries: 512 (order: 2, 16384 bytes)
[    1.046256] NET: Registered protocol family 1
[    1.048108] pci 0000:00:00.0: Limiting direct PCI/PCI transfers
[    1.050225] pci 0000:00:01.0: Activating ISA DMA hang workarounds
[    1.052945] Unpacking initramfs...
[    1.515922] Freeing initrd memory: 14832K
[    1.517610] clocksource: tsc: mask: 0xffffffffffffffff max_cycles: 0x29dc079b5d9, max_idle_ns: 440795223751 ns
[    1.521023] platform rtc_cmos: registered platform RTC device (no PNP device found)
[    1.524019] Scanning for low memory corruption every 60 seconds
[    1.526952] audit: initializing netlink subsys (disabled)
[    1.528675] audit: type=2000 audit(1567342880.743:1): initialized
[    1.530703] Initialise system trusted keyring
[    1.532517] HugeTLB registered 2 MB page size, pre-allocated 0 pages
[    1.537713] zbud: loaded
[    1.539336] VFS: Disk quotas dquot_6.6.0
[    1.541185] VFS: Dquot-cache hash table entries: 512 (order 0, 4096 bytes)
[    1.543501] squashfs: version 4.0 (2009/01/31) Phillip Lougher
[    1.546107] fuse init (API version 7.23)
[    1.547609] Key type big_key registered
[    1.549028] Allocating IMA MOK and blacklist keyrings.
[    1.555624] Key type asymmetric registered
[    1.557200] Asymmetric key parser 'x509' registered
[    1.558873] Block layer SCSI generic (bsg) driver version 0.4 loaded (major 249)
[    1.561505] io scheduler noop registered
[    1.563009] io scheduler deadline registered (default)
[    1.564880] io scheduler cfq registered
[    1.566272] pci_hotplug: PCI Hot Plug PCI Core version: 0.5
[    1.568601] pciehp: PCI Express Hot Plug Controller Driver version: 0.4
[    1.570699] ACPI: AC Adapter [AC] (off-line)
[    1.572136] input: Power Button as /devices/LNXSYSTM:00/LNXPWRBN:00/input/input0
[    1.574778] ACPI: Power Button [PWRF]
[    1.576176] input: Sleep Button as /devices/LNXSYSTM:00/LNXSLPBN:00/input/input1
[    1.578291] ACPI: Sleep Button [SLPF]
[    1.580856] ACPI: Battery Slot [BAT0] (battery present)
[    1.582715] GHES: HEST is not enabled!
[    1.584251] Serial: 8250/16550 driver, 32 ports, IRQ sharing enabled
[    1.606639] 00:02: ttyS0 at I/O 0x3f8 (irq = 4, base_baud = 115200) is a 16550A
[    1.611261] Linux agpgart interface v0.103
[    1.615253] loop: module loaded
[    1.617439] scsi host0: ata_piix
[    1.619200] scsi host1: ata_piix
[    1.620157] ata1: PATA max UDMA/33 cmd 0x1f0 ctl 0x3f6 bmdma 0xd000 irq 14
[    1.622126] ata2: PATA max UDMA/33 cmd 0x170 ctl 0x376 bmdma 0xd008 irq 15
[    1.624378] libphy: Fixed MDIO Bus: probed
[    1.626097] tun: Universal TUN/TAP device driver, 1.6
[    1.627639] tun: (C) 1999-2004 Max Krasnyansky <maxk@qualcomm.com>
[    1.629538] PPP generic driver version 2.4.2
[    1.631027] ehci_hcd: USB 2.0 'Enhanced' Host Controller (EHCI) Driver
[    1.632854] ehci-pci: EHCI PCI platform driver
[    1.634318] ehci-platform: EHCI generic platform driver
[    1.635646] ohci_hcd: USB 1.1 'Open' Host Controller (OHCI) Driver
[    1.637037] ohci-pci: OHCI PCI platform driver
[    1.638580] ohci-platform: OHCI generic platform driver
[    1.640588] uhci_hcd: USB Universal Host Controller Interface driver
[    1.642600] i8042: PNP: PS/2 Controller [PNP0303:PS2K,PNP0f03:PS2M] at 0x60,0x64 irq 1,12
[    1.646205] serio: i8042 KBD port at 0x60,0x64 irq 1
[    1.647580] serio: i8042 AUX port at 0x60,0x64 irq 12
[    1.648986] mousedev: PS/2 mouse device common for all mice
[    1.651006] rtc_cmos rtc_cmos: rtc core: registered rtc_cmos as rtc0
[    1.653437] rtc_cmos rtc_cmos: alarms up to one day, 114 bytes nvram
[    1.655577] input: AT Translated Set 2 keyboard as /devices/platform/i8042/serio0/input/input2
[    1.657817] i2c /dev entries driver
[    1.658989] device-mapper: uevent: version 1.0.3
[    1.660327] device-mapper: ioctl: 4.34.0-ioctl (2015-10-28) initialised: dm-devel@redhat.com
[    1.662523] ledtrig-cpu: registered to indicate activity on CPUs
[    1.665272] NET: Registered protocol family 10
[    1.666655] NET: Registered protocol family 17
[    1.667972] Key type dns_resolver registered
[    1.669890] registered taskstats version 1
[    1.671258] Loading compiled-in X.509 certificates
[    1.673303] Loaded X.509 cert 'Build time autogenerated kernel key: d14182f9795b80ec340f636a5a08bf5817ccd8e7'
[    1.675553] zswap: loaded using pool lzo/zbud
[    1.679453] Key type trusted registered
[    1.684471] Key type encrypted registered
[    1.685512] AppArmor: AppArmor sha1 policy hashing enabled
[    1.686857] ima: No TPM chip found, activating TPM-bypass!
[    1.688303] ima: Allocated hash algorithm: sha1
[    1.689454] evm: HMAC attrs: 0x1
[    1.690870]   Magic number: 3:432:27
[    1.692086] rtc_cmos rtc_cmos: setting system clock to 2019-09-01 13:01:15 UTC (1567342875)
[    1.695854] BIOS EDD facility v0.16 2004-Jun-25, 0 devices found
[    1.697660] EDD information not available.
[    1.782208] Freeing unused kernel memory: 1488K
[    1.786635] Write protecting the kernel read-only data: 14336k
[    1.793533] Freeing unused kernel memory: 1608K
[    1.798824] Freeing unused kernel memory: 64K
Loading, please wait...
starting version 229
[    1.851309] random: systemd-udevd: uninitialized urandom read (16 bytes read, 3 bits of entropy available)
[    1.854396] random: udevadm: uninitialized urandom read (16 bytes read, 3 bits of entropy available)
[    1.854621] random: udevadm: uninitialized urandom read (16 bytes read, 3 bits of entropy available)
[    1.881064] random: systemd-udevd: uninitialized urandom read (16 bytes read, 3 bits of entropy available)
[    1.887726] random: systemd-udevd: uninitialized urandom read (16 bytes read, 3 bits of entropy available)
[    1.888031] random: udevadm: uninitialized urandom read (16 bytes read, 3 bits of entropy available)
[    1.888184] random: udevadm: uninitialized urandom read (16 bytes read, 3 bits of entropy available)
[    1.888857] random: udevadm: uninitialized urandom read (16 bytes read, 3 bits of entropy available)
[    1.889152] random: udevadm: uninitialized urandom read (16 bytes read, 3 bits of entropy available)
[    1.889380] random: udevadm: uninitialized urandom read (16 bytes read, 3 bits of entropy available)
[    1.981138] Fusion MPT base driver 3.04.20
[    1.983149] Copyright (c) 1999-2008 LSI Corporation
[    1.985531] e1000: Intel(R) PRO/1000 Network Driver - version 7.3.21-k8-NAPI
[    1.988135] e1000: Copyright (c) 1999-2006 Intel Corporation.
[    2.000923] Fusion MPT SPI Host driver 3.04.20
[    2.040292] AVX2 version of gcm_enc/dec engaged.
[    2.042824] AES CTR mode by8 optimization enabled
[    2.196701] input: ImExPS/2 Generic Explorer Mouse as /devices/platform/i8042/serio1/input/input4
[    2.464936] e1000 0000:00:03.0 eth0: (PCI:33MHz:32-bit) 02:49:b7:a9:fe:dc
[    2.467018] e1000 0000:00:03.0 eth0: Intel(R) PRO/1000 Network Connection
[    2.470934] e1000 0000:00:03.0 enp0s3: renamed from eth0
[    2.472714] mptbase: ioc0: Initiating bringup
[    2.536396] ioc0: LSI53C1030 A0: Capabilities={Initiator}
[    3.793409] scsi host2: ioc0: LSI53C1030 A0, FwRev=00000000h, Ports=1, MaxQ=256, IRQ=20
[    4.530730] scsi 2:0:0:0: Direct-Access     VBOX     HARDDISK         1.0  PQ: 0 ANSI: 5
[    4.539786] scsi target2:0:0: Beginning Domain Validation
[    4.553176] scsi target2:0:0: Domain Validation skipping write tests
[    4.559523] scsi target2:0:0: Ending Domain Validation
[    4.565373] scsi target2:0:0: asynchronous
[    4.572599] scsi 2:0:1:0: Direct-Access     VBOX     HARDDISK         1.0  PQ: 0 ANSI: 5
[    4.581381] scsi target2:0:1: Beginning Domain Validation
[    4.594308] scsi target2:0:1: Domain Validation skipping write tests
[    4.599886] scsi target2:0:1: Ending Domain Validation
[    4.605014] scsi target2:0:1: asynchronous
[    4.655334] sd 2:0:0:0: [sda] 20971520 512-byte logical blocks: (10.7 GB/10.0 GiB)
[    4.655447] sd 2:0:0:0: Attached scsi generic sg0 type 0
[    4.656272] sd 2:0:1:0: [sdb] 20480 512-byte logical blocks: (10.5 MB/10.0 MiB)
[    4.656737] sd 2:0:1:0: [sdb] Write Protect is off
[    4.656989] sd 2:0:1:0: [sdb] Incomplete mode parameter data
[    4.656992] sd 2:0:1:0: [sdb] Assuming drive cache: write through
[    4.657655] sd 2:0:1:0: Attached scsi generic sg1 type 0
[    4.661160] sd 2:0:1:0: [sdb] Attached SCSI disk
[    4.674585] sd 2:0:0:0: [sda] Write Protect is off
[    4.677370] sd 2:0:0:0: [sda] Incomplete mode parameter data
[    4.679389] sd 2:0:0:0: [sda] Assuming drive cache: write through
[    4.684648]  sda: sda1
[    4.687842] sd 2:0:0:0: [sda] Attached SCSI disk
Begin: Loading essential drivers ... [    6.583617] md: linear personality registered for level -1
[    6.588537] md: multipath personality registered for level -4
[    6.592299] md: raid0 personality registered for level 0
[    6.600881] md: raid1 personality registered for level 1
[    6.674478] raid6: sse2x1   gen()  4488 MB/s
[    6.742484] raid6: sse2x1   xor()  4455 MB/s
[    6.811077] raid6: sse2x2   gen()  6691 MB/s
[    6.878518] raid6: sse2x2   xor()  5055 MB/s
[    6.946745] raid6: sse2x4   gen()  7674 MB/s
[    7.014988] raid6: sse2x4   xor()  6168 MB/s
[    7.082500] raid6: avx2x1   gen() 10473 MB/s
[    7.150642] raid6: avx2x2   gen() 14245 MB/s
[    7.219028] raid6: avx2x4   gen() 14481 MB/s
[    7.220466] raid6: using algorithm avx2x4 gen() 14481 MB/s
[    7.222313] raid6: using avx2x2 recovery algorithm
[    7.226196] xor: automatically using best checksumming function:
[    7.266851]    avx       : 16249.000 MB/sec
[    7.269505] async_tx: api initialized (async)
[    7.288282] md: raid6 personality registered for level 6
[    7.290629] md: raid5 personality registered for level 5
[    7.292408] md: raid4 personality registered for level 4
[    7.303576] md: raid10 personality registered for level 10
done.
Begin: Running /scripts/init-premount ... done.
Begin: Mounting root file system ... Begin: Running /scripts/local-top ... done.
Begin: Running /scripts/local-premount ... [    7.361636] Btrfs loaded
Scanning for Btrfs filesystems
done.
Warning: fsck not present, so skipping root file system
[    7.413038] EXT4-fs (sda1): INFO: recovery required on readonly filesystem
[    7.417946] EXT4-fs (sda1): write access will be enabled during recovery
[    7.564825] EXT4-fs (sda1): orphan cleanup on readonly fs
[    7.568673] EXT4-fs (sda1): 1 orphan inode deleted
[    7.571993] EXT4-fs (sda1): recovery complete
[    7.576055] EXT4-fs (sda1): mounted filesystem with ordered data mode. Opts: (null)
done.
Begin: Running /scripts/local-bottom ... done.
Begin: Running /scripts/init-bottom ... done.
[    7.797433] systemd[1]: systemd 229 running in system mode. (+PAM +AUDIT +SELINUX +IMA +APPARMOR +SMACK +SYSVINIT +UTMP +LIBCRYPTSETUP +GCRYPT +GNUTLS +ACL +XZ -LZ4 +SECCOMP +BLKID +ELFUTILS +KMOD -IDN)
[    7.806241] systemd[1]: Detected virtualization oracle.
[    7.809034] systemd[1]: Detected architecture x86-64.

Welcome to [1mUbuntu 16.04.6 LTS[0m!

[    7.818297] systemd[1]: Set hostname to <ubuntu-xenial>.
[    8.221166] systemd[1]: Listening on udev Kernel Socket.
[[0;32m  OK  [0m] Listening on udev Kernel Socket.
[    8.499619] systemd[1]: Set up automount Arbitrary Executable File Formats File System Automount Point.
[[0;32m  OK  [0m] Set up automount Arbitrary Executab...ats File System Automount Point.
[    8.515107] systemd[1]: Listening on Device-mapper event daemon FIFOs.
[[0;32m  OK  [0m] Listening on Device-mapper event daemon FIFOs.
[    8.525366] systemd[1]: Reached target System Time Synchronized.
[[0;32m  OK  [0m] Reached target System Time Synchronized.
[    8.534972] systemd[1]: Reached target Encrypted Volumes.
[[0;32m  OK  [0m] Reached target Encrypted Volumes.
[    8.544107] systemd[1]: Listening on Journal Socket (/dev/log).
[[0;32m  OK  [0m] Listening on Journal Socket (/dev/log).
[    8.553378] systemd[1]: Reached target Swap.
[[0;32m  OK  [0m] Reached target Swap.
[    8.560799] systemd[1]: Listening on Journal Audit Socket.
[[0;32m  OK  [0m] Listening on Journal Audit Socket.
[    8.570886] systemd[1]: Created slice User and Session Slice.
[[0;32m  OK  [0m] Created slice User and Session Slice.
[    8.580377] systemd[1]: Created slice System Slice.
[[0;32m  OK  [0m] Created slice System Slice.
[    8.588869] systemd[1]: Listening on LVM2 metadata daemon socket.
[[0;32m  OK  [0m] Listening on LVM2 metadata daemon socket.
[    8.596736] systemd[1]: Started Trigger resolvconf update for networkd DNS.
[[0;32m  OK  [0m] Started Trigger resolvconf update for networkd DNS.
[    8.602435] systemd[1]: Started Forward Password Requests to Wall Directory Watch.
[[0;32m  OK  [0m] Started Forward Password Requests to Wall Directory Watch.
[    8.608977] systemd[1]: Reached target Slices.
[[0;32m  OK  [0m] Reached target Slices.
[    8.613030] systemd[1]: Reached target User and Group Name Lookups.
[[0;32m  OK  [0m] Reached target User and Group Name Lookups.
[    8.618005] systemd[1]: Listening on Syslog Socket.
[[0;32m  OK  [0m] Listening on Syslog Socket.
[    8.622513] systemd[1]: Listening on /dev/initctl Compatibility Named Pipe.
[[0;32m  OK  [0m] Listening on /dev/initctl Compatibility Named Pipe.
[    8.626927] systemd[1]: Listening on udev Control Socket.
[[0;32m  OK  [0m] Listening on udev Control Socket.
[    8.700647] systemd[1]: Created slice system-serial\x2dgetty.slice.
[[0;32m  OK  [0m] Created slice system-serial\x2dgetty.slice.
[    8.715648] systemd[1]: Listening on LVM2 poll daemon socket.
[[0;32m  OK  [0m] Listening on LVM2 poll daemon socket.
[    8.730279] systemd[1]: Listening on Journal Socket.
[[0;32m  OK  [0m] Listening on Journal Socket.
[    8.758889] systemd[1]: Starting Remount Root and Kernel File Systems...
         Starting Remount Root and Kernel File Systems...
[    8.768516] systemd[1]: Mounting Debug File System...
[    8.772689] random: nonblocking pool is initialized
         Mounting Debug File System...
[    8.782727] systemd[1]: Starting Monitoring of LVM2 mirrors, snapshots etc. using dmeventd or progress polling...
         Starting Monitoring of LVM2 mirrors... dmeventd or progress polling...
[    8.797665] systemd[1]: Mounting POSIX Message Queue File System...
         Mounting POSIX Message Queue File System...
[    8.807738] systemd[1]: Starting Uncomplicated firewall...
         Starting Uncomplicated firewall...
[    8.815811] EXT4-fs (sda1): re-mounted. Opts: (null)
[    8.821769] systemd[1]: Starting Create list of required static device nodes for the current kernel...
         Starting Create list of required st... nodes for the current kernel...
[    8.830675] systemd[1]: Starting Load Kernel Modules...
         Starting Load Kernel Modules...
[    8.834874] systemd[1]: Starting Journal Service...
         Starting Journal Service...
[    8.838805] systemd[1]: Mounting Huge Pages File System...
         Mounting Huge Pages File System...
[    8.847332] systemd[1]: Starting Nameserver information manager...
         Starting Nameserver information manager...
[    8.852827] systemd[1]: Starting Set console keymap...
         Starting Set console keymap...
[    8.855707] Loading iSCSI transport class v2.0-870.
[    8.857571] systemd[1]: Mounted Debug File System.
[[0;32m  OK  [0m] Mounted Debug File System.
[    8.865939] systemd[1]: Mounted Huge Pages File System.
[[0;32m  OK  [0m] Mounted Huge Pages File System.
[    8.869672] systemd[1]: Mounted POSIX Message Queue File System.
[[0;32m  OK  [0m] Mounted POSIX Message Queue File System.
[    8.873478] systemd[1]: Started Remount Root and Kernel File Systems.
[[0;32m  OK  [0m] Started Remount Root and Kernel File Systems.
[    8.882161] systemd[1]: Started Uncomplicated firewall.
[[0;32m  OK  [0m] Started Uncomplicated firewall.
[    8.885101] systemd[1]: Started Create list of required static device nodes for the current kernel.
[[    8.888158] iscsi: registered transport (tcp)
[0;32m  OK  [0m] Started Create list of required sta...ce nodes for the current kernel.
[    8.907641] systemd[1]: Started Journal Service.
[[0;32m  OK  [0m] Started Journal Service.
[[0;32m  OK  [0m] Started Nameserver information manager.
[    8.991982] iscsi: registered transport (iser)
[[0;32m  OK  [0m] Started LVM2 metadata daemon.
         Starting Create Static Device Nodes in /dev...
         Starting Flush Journal to Persistent Storage...
         Starting udev Coldplug all Devices...
         Starting Load/Save Random Seed...
[[0;32m  OK  [0m] Started Load Kernel Modules.
[[0;32m  OK  [0m] Started Load/Save Random Seed.
[[0;32m  OK  [0m] Started Set console keymap.
[[0;32m  OK  [0m] Started Create Static Device Nodes in /dev.
[    9.077006] systemd-journald[390]: Received request to flush runtime journal from PID 1
         Starting udev Kernel Device Manager...
         Starting Apply Kernel Variables...
         Mounting FUSE Control File System...
[[0;32m  OK  [0m] Started Flush Journal to Persistent Storage.
[[0;32m  OK  [0m] Started Apply Kernel Variables.
[[0;32m  OK  [0m] Mounted FUSE Control File System.
[[0;32m  OK  [0m] Started udev Coldplug all Devices.
[[0;32m  OK  [0m] Started udev Kernel Device Manager.
[[0;32m  OK  [0m] Started Dispatch Password Requests to Console Directory Watch.
[[0;32m  OK  [0m] Found device /dev/ttyS0.
[[0;32m  OK  [0m] Listening on Load/Save RF Kill Switch Status /dev/rfkill Watch.
[[0;32m  OK  [0m] Found device 82540EM Gigabit Ethern...r (PRO/1000 MT Desktop Adapter).
[[0;32m  OK  [0m] Started Monitoring of LVM2 mirrors,...ng dmeventd or progress polling.
[[0;32m  OK  [0m] Reached target Local File Systems (Pre).
[[0;32m  OK  [0m] Reached target Local File Systems.
         Starting Set console font and keymap...
         Starting Create Volatile Files and Directories...
         Starting LSB: AppArmor initialization...
         Starting Initial cloud-init job (pre-networking)...
         Starting Tell Plymouth To Write Out Runtime Data...
[[0;32m  OK  [0m] Started Create Volatile Files and Directories.
[[0;32m  OK  [0m] Started Tell Plymouth To Write Out Runtime Data.
         Starting Update UTMP about System Boot/Shutdown...
[[0;32m  OK  [0m] Started Update UTMP about System Boot/Shutdown.
[[0;32m  OK  [0m] Started LSB: AppArmor initialization.
[[0;32m  OK  [0m] Started Set console font and keymap.
[[0;32m  OK  [0m] Created slice system-getty.slice.
[   11.415120] cloud-init[638]: Cloud-init v. 19.1-1-gbaa47854-0ubuntu1~16.04.1 running 'init-local' at Sun, 01 Sep 2019 13:01:25 +0000. Up 10.90 seconds.
[[0;32m  OK  [0m] Started Initial cloud-init job (pre-networking).
[[0;32m  OK  [0m] Reached target Network (Pre).
         Starting Raise network interfaces...
[[0;32m  OK  [0m] Started ifup for enp0s3.
[[0;32m  OK  [0m] Started Raise network interfaces.
         Starting Initial cloud-init job (metadata service crawler)...
[[0;32m  OK  [0m] Reached target Network.
[   12.622244] cloud-init[980]: Cloud-init v. 19.1-1-gbaa47854-0ubuntu1~16.04.1 running 'init' at Sun, 01 Sep 2019 13:01:26 +0000. Up 12.19 seconds.
[   12.625643] cloud-init[980]: ci-info: ++++++++++++++++++++++++++++++++++++++Net device info++++++++++++++++++++++++++++++++++++++
[   12.628318] cloud-init[980]: ci-info: +--------+------+----------------------------+---------------+--------+-------------------+
[   12.637169] cloud-init[980]: ci-info: | Device |  Up  |          Address           |      Mask     | Scope  |     Hw-Address    |
[   12.644687] cloud-init[980]: ci-info: +--------+------+----------------------------+---------------+--------+-------------------+
[   12.647712] cloud-init[980]: ci-info: | enp0s3 | True |         10.0.2.15          | 255.255.255.0 | global | 02:49:b7:a9:fe:dc |
[   12.650980] cloud-init[980]: ci-info: | enp0s3 | True | fe80::49:b7ff:fea9:fedc/64 |       .       |  link  | 02:49:b7:a9:fe:dc |
[   12.653651] cloud-init[980]: ci-info: |   lo   | True |         127.0.0.1          |   255.0.0.0   |  host  |         .         |
[   12.656181] cloud-init[980]: ci-info: |   lo   | True |          ::1/128           |       .       |  host  |         .         |
[   12.658658] cloud-init[980]: ci-info: +--------+------+----------------------------+---------------+--------+-------------------+
[   12.661052] cloud-init[980]: ci-info: +++++++++++++++++++++++++++Route IPv4 info++++++++++++++++++++++++++++
[   12.663689] cloud-init[980]: ci-info: +-------+-------------+----------+---------------+-----------+-------+
[   12.666733] cloud-init[980]: ci-info: | Route | Destination | Gateway  |    Genmask    | Interface | Flags |
[   12.668973] cloud-init[980]: ci-info: +-------+-------------+----------+---------------+-----------+-------+
[   12.673001] cloud-init[980]: ci-info: |   0   |   0.0.0.0   | 10.0.2.2 |    0.0.0.0    |   enp0s3  |   UG  |
[   12.680861] cloud-init[980]: ci-info: |   1   |   10.0.2.0  | 0.0.0.0  | 255.255.255.0 |   enp0s3  |   U   |
[   12.688571] cloud-init[980]: ci-info: +-------+-------------+----------+---------------+-----------+-------+
[   12.696790] cloud-init[980]: ci-info: +++++++++++++++++++Route IPv6 info+++++++++++++++++++
[   12.708416] [[0;32m  OK  [0m] Started Initial cloud-init job (metadata service crawler).
cloud-init[980]: ci-info: +-------+-------------+---------+-----------+-------+[[0;32m  OK  [0m] Reached target Network is Online.

[   12.712564] cloud-init[980]: ci-info: | Route | Destination | Gateway | Interface | Flags |
[   12.714673] cloud-init[980]: ci-info: +-------+-------------+---------+-----------+-------+
[   12.716630] cloud-init[980]: ci-info: |   0   |  fe80::/64  |    ::   |   enp0s3  |   U   |
[   12.718965] cloud-init[980]: ci-info: |   3   |   ff00::/8  |    ::   |   enp0s3  |   U   |         Starting iSCSI initiator daemon (iscsid)...
[[0;32m  OK  [0m] Reached target System Initialization.
[[0;32m  OK  [0m] Listening on UUID daemon activation socket.

[[0;32m  OK  [0m] Started Daily apt download activities.
[   12.723800] cloud-init[[0;32m  OK  [0m] Listening on D-Bus System Message Bus Socket.
         Starting Socket activation for snappy daemon.
[980]: ci-info: +-------+-------------+---------+-----------+-------+
[[0;32m  OK  [0m] Started ACPI Events Check.
[[0;32m  OK  [0m] Reached target Paths.
[[0;32m  OK  [0m] Listening on ACPID Listen Socket.
         Starting LXD - unix socket.
[[0;32m  OK  [0m] Started Daily apt upgrade and clean activities.
[[0;32m  OK  [0m] Started Daily Cleanup of Temporary Directories.
[[0;32m  OK  [0m] Reached target Timers.
[[0;32m  OK  [0m] Reached target Cloud-config availability.
[[0;32m  OK  [0m] Listening on Socket activation for snappy daemon.
[[0;32m  OK  [0m] Listening on LXD - unix socket.
[[0;32m  OK  [0m] Started iSCSI initiator daemon (iscsid).
         Starting Login to default iSCSI targets...
[[0;32m  OK  [0m] Reached target Sockets.
[[0;32m  OK  [0m] Reached target Basic System.
         Starting LSB: Record successful boot for GRUB...
[[0;32m  OK  [0m] Started Regular background program processing daemon.
[[0;32m  OK  [0m] Started Deferred execution scheduler.
         Starting LSB: MD monitoring daemon...
         Starting Virtualbox guest utils...
         Starting Snappy daemon...
         Starting Login Service...
         Starting OpenBSD Secure Shell server...
[[0;32m  OK  [0m] Started ACPI event daemon.
[[0;32m  OK  [0m] Started D-Bus System Message Bus.
         Starting System Logging Service...
         Starting Accounts Service...
         Starting /etc/rc.local Compatibility...
         Starting LXD - container startup/shutdown...
[[0;32m  OK  [0m] Started FUSE filesystem for LXC.
[[0;32m  OK  [0m] Started /etc/rc.local Compatibility.
[[0;32m  OK  [0m] Started System Logging Service.
[[0;32m  OK  [0m] Started OpenBSD Secure Shell server.
[[0;32m  OK  [0m] Started Login to default iSCSI targets.
[[0;32m  OK  [0m] Started LSB: Record successful boot for GRUB.
[[0;32m  OK  [0m] Started LSB: MD monitoring daemon.
[[0;32m  OK  [0m] Started Login Service.
[[0;32m  OK  [0m] Started Unattended Upgrades Shutdown.
         Starting Authenticate and Authorize Users to Run Privileged Tasks...
[[0;32m  OK  [0m] Reached target Remote File Systems (Pre).
[[0;32m  OK  [0m] Reached target Remote File Systems.
         Starting LSB: automatic crash report generation...
         Starting LSB: Set the CPU Frequency Scaling governor to "ondemand"...
         Starting Permit User Sessions...
         Starting LSB: daemon to balance interrupts for SMP systems...
[[0;32m  OK  [0m] Started Virtualbox guest utils.
[[0;32m  OK  [0m] Started Permit User Sessions.
[[0;32m  OK  [0m] Started Authenticate and Authorize Users to Run Privileged Tasks.
[[0;32m  OK  [0m] Created slice User Slice of vagrant.
         Starting User Manager for UID 1000...
         Starting Terminate Plymouth Boot Screen...
         Starting Hold until boot process finishes up...
[[0;32m  OK  [0m] Started LXD - container startup/shutdown.
[[0;32m  OK  [0m] Started LSB: Set the CPU Frequency Scaling governor to "ondemand".
[[0;32m  OK  [0m] Started LSB: automatic crash report generation.
[[0;32m  OK  [0m] Started Terminate Plymouth Boot Screen.
[[0;32m  OK  [0m] Started Hold until boot process finishes up.
[[0;32m  OK  [0m] Started User Manager for UID 1000.
[[0;32m  OK  [0m] Started Accounts Service.
[[0;32m  OK  [0m] Started Session 1 of user vagrant.
[[0;32m  OK  [0m] Started Serial Getty on ttyS0.
[[0;32m  OK  [0m] Started Getty on tty1.
[[0;32m  OK  [0m] Reached target Login Prompts.
         Starting Set console scheme...
[[0;32m  OK  [0m] Started LSB: daemon to balance interrupts for SMP systems.
[[0;32m  OK  [0m] Started Set console scheme.
[[0;32m  OK  [0m] Started Snappy daemon.
         Starting Wait until snapd is fully seeded...
[[0;32m  OK  [0m] Started Wait until snapd is fully seeded.
         Starting Apply the settings specified in cloud-config...
[[0;32m  OK  [0m] Reached target Multi-User System.
[[0;32m  OK  [0m] Reached target Graphical Interface.
         Starting Update UTMP about System Runlevel Changes...
[[0;32m  OK  [0m] Started Update UTMP about System Runlevel Changes.
[   14.694068] cloud-init[1269]: Cloud-init v. 19.1-1-gbaa47854-0ubuntu1~16.04.1 running 'modules:config' at Sun, 01 Sep 2019 13:01:28 +0000. Up 14.44 seconds.
[[0;32m  OK  [0m] Started Apply the settings specified in cloud-config.
         Starting Execute cloud user/final scripts...
[   15.662028] cloud-init[1336]: Cloud-init v. 19.1-1-gbaa47854-0ubuntu1~16.04.1 running 'modules:final' at Sun, 01 Sep 2019 13:01:29 +0000. Up 15.48 seconds.
[   15.663951] cloud-init[1336]: Cloud-init v. 19.1-1-gbaa47854-0ubuntu1~16.04.1 finished at Sun, 01 Sep 2019 13:01:29 +0000. Datasource DataSourceNoCloud [seed=/dev/sdb][dsmode=net].  Up 15.64 seconds
[[0;32m  OK  [0m] Started Execute cloud user/final scripts.
[[0;32m  OK  [0m] Reached target Cloud-init target.

Ubuntu 16.04.6 LTS ubuntu-xenial ttyS0

ubuntu-xenial login: 